2019-01-26T04:00:24.792Z - info: Website generation started at 12:00:24 PM
2019-01-26T04:00:25.283Z - info: Building assets...
2019-01-26T04:00:25.880Z - info: Assets built
2019-01-26T04:00:25.881Z - info: Generating pages...
2019-01-26T04:01:34.536Z - info: Pages built
2019-01-26T04:01:54.805Z - info: Website generation complete! Total build time: 90.019s
2019-01-26T04:01:54.814Z - info: Generate Site durationMs=90028
2019-01-26T04:01:54.825Z - info: Serving "/Users/marvinchin/Documents/Workspace/website-base-no-loader/_site" at http://127.0.0.1:8080
2019-01-26T04:01:54.826Z - info: Press CTRL+C to stop ...
2019-01-26T04:01:54.859Z - info: Site data built
2019-01-26T04:04:48.308Z - info: Website generation started at 12:04:47 PM
2019-01-26T04:04:48.681Z - info: Building assets...
2019-01-26T04:04:49.170Z - info: Assets built
2019-01-26T04:04:49.170Z - info: Generating pages...
2019-01-26T04:05:59.325Z - info: Pages built
2019-01-26T04:11:12.402Z - info: Website generation started at 12:11:11 PM
2019-01-26T04:11:12.763Z - info: Building assets...
2019-01-26T04:11:13.229Z - info: Assets built
2019-01-26T04:11:13.229Z - info: Generating pages...
2019-01-26T04:12:18.055Z - info: Pages built
2019-01-26T04:12:28.243Z - info: Website generation started at 12:12:27 PM
2019-01-26T04:12:28.643Z - info: Building assets...
2019-01-26T04:12:29.160Z - info: Assets built
2019-01-26T04:12:29.161Z - info: Generating pages...
2019-01-26T04:13:45.271Z - info: Pages built
2019-01-26T04:14:16.295Z - info: Website generation started at 12:14:15 PM
2019-01-26T04:14:16.710Z - info: Building assets...
2019-01-26T04:14:17.315Z - info: Assets built
2019-01-26T04:14:17.316Z - info: Generating pages...
2019-01-26T04:15:36.121Z - info: Pages built
2019-01-26T04:15:55.226Z - info: Website generation complete! Total build time: 99.44s
2019-01-26T04:15:55.244Z - info: Generate Site durationMs=99459
2019-01-26T04:15:55.268Z - info: Serving "/Users/marvinchin/Documents/Workspace/website-base-loader/_site" at http://127.0.0.1:8080
2019-01-26T04:15:55.269Z - info: Press CTRL+C to stop ...
2019-01-26T04:15:55.301Z - info: Site data built
2019-01-26T04:20:22.536Z - info: Website generation started at 12:20:22 PM
2019-01-26T04:20:22.918Z - info: Building assets...
2019-01-26T04:20:23.421Z - info: Assets built
2019-01-26T04:20:23.422Z - info: Generating pages...
2019-01-26T04:21:34.923Z - info: Pages built
2019-01-26T04:21:54.287Z - info: Website generation complete! Total build time: 92.283s
2019-01-26T04:21:54.288Z - info: Build success!
2019-01-26T04:21:54.288Z - info: Generate Site durationMs=92284
2019-01-26T04:21:54.294Z - info: Site data built
2019-01-26T04:23:18.413Z - info: Website generation started at 12:23:17 PM
2019-01-26T04:23:18.839Z - info: Building assets...
